{
  "stats": {
    "suites": 1,
    "tests": 1,
    "passes": 1,
    "pending": 0,
    "failures": 0,
    "start": "2021-07-19T16:39:17.087Z",
    "end": "2021-07-19T16:40:51.692Z",
    "duration": 94605,
    "testsRegistered": 1,
    "passPercent": 100,
    "pendingPercent": 0,
    "other": 0,
    "hasOther": false,
    "skipped": 0,
    "hasSkipped": false
  },
  "results": [
    {
      "uuid": "70b0c80d-21cf-4424-a4dc-7a21e4b80162",
      "title": "",
      "fullFile": "cypress/integration/E2E/happyPath2.test.js",
      "file": "cypress/integration/E2E/happyPath2.test.js",
      "beforeHooks": [],
      "afterHooks": [],
      "tests": [],
      "suites": [
        {
          "uuid": "a0453c55-ae2d-400d-a556-e683747c476d",
          "title": "Happy Path 1",
          "fullFile": "",
          "file": "",
          "beforeHooks": [],
          "afterHooks": [],
          "tests": [
            {
              "title": "Customer can fill in a basic quote",
              "fullTitle": "Happy Path 1 Customer can fill in a basic quote",
              "timedOut": null,
              "duration": 92801,
              "state": "passed",
              "speed": "slow",
              "pass": true,
              "fail": false,
              "pending": false,
              "context": null,
              "code": "//pre-fill a quote\ncy.log('Staring smoke test'); // cy.percySnapshot('Empty Quick Quote Page')\ncy.prefillQuickQuoteQuestions('firstName', 'secondName', 'asdadadasd@gmail.com', Cypress.todaysDate, 'ABHKZ660047N99LP', 'CF64 5RL', '11/05/1950', '01234567890', 'CV53JBZ'); // cy.percySnapshot('Filled Quick Quote Page (No Errors)', { widths: [375]})\n// click continue\ncy.get('[formaction=\"QuickQuoteQuestionsContinue\"]').click(); // confirms the info is correct from 'your quote'\n// cy.percySnapshot('Quick Quote Confirmation', { widths: [375]})\ncy.prefillQuickQuoteConfirmation(); // fills in PreQuote Questions by selecting relationship type and whether there's alternative insurance\n// cy.percySnapshot('Empty PreQuote Questions', { widths: [375]})\ncy.prefillPreQuoteQuestions('Parents', 'Yes'); // cy.percySnapshot('Filled PreQuote Questions', { widths: [375]})\ncy.get('[formaction=\"PreQuoteQuestionsContinue\"]').click(); // cy.percySnapshot('Empty Quote Page', { widths: [375]})\ncy.prefillQuote(); // cy.percySnapshot('Filled Quote Page', { widths: [375]})\ncy.get('button#continueButton').click();\ncy.prefillPostQuote(); // cy.percySnapshot('Filled Post Quote Page', { widths: [375]})\ncy.get('[formaction=\"PostQuoteQuestionsContinue\"]').click();\ncy.get('input#boltPayButton').click();\ncy.addStripeDetails();\ncy.log('Journey completed successfully');",
              "err": {},
              "uuid": "736b769d-7bf3-4577-9408-cba2100b8332",
              "parentUUID": "a0453c55-ae2d-400d-a556-e683747c476d",
              "isHook": false,
              "skipped": false
            }
          ],
          "suites": [],
          "passes": [
            "736b769d-7bf3-4577-9408-cba2100b8332"
          ],
          "failures": [],
          "pending": [],
          "skipped": [],
          "duration": 92801,
          "root": false,
          "rootEmpty": false,
          "_timeout": 2000
        }
      ],
      "passes": [],
      "failures": [],
      "pending": [],
      "skipped": [],
      "duration": 0,
      "root": true,
      "rootEmpty": true,
      "_timeout": 2000
    }
  ],
  "meta": {
    "mocha": {
      "version": "7.0.1"
    },
    "mochawesome": {
      "options": {
        "quiet": false,
        "reportFilename": "mochawesome",
        "saveHtml": true,
        "saveJson": true,
        "consoleReporter": "spec",
        "useInlineDiffs": false,
        "code": true
      },
      "version": "6.2.2"
    },
    "marge": {
      "options": null,
      "version": "5.2.0"
    }
  }
}